Arguments: 
  /Users/kaishuu0123/.nvm/versions/node/v10.16.3/bin/node /Users/kaishuu0123/.nvm/versions/node/v10.16.3/bin/yarn

PATH: 
  /Users/kaishuu0123/.pyenv/shims:/Users/kaishuu0123/.pyenv/bin:/Users/kaishuu0123/tmp/depot_tools/:/Library/Frameworks/Python.framework/Versions/3.6/bin:/usr/local/opt/openssl/bin:/Users/kaishuu0123/.yarn/bin:/Users/kaishuu0123/Library/Android/sdk/platform-tools:/Users/kaishuu0123/.nvm/versions/node/v10.16.3/bin:/Users/kaishuu0123/.nvm/versions/node/v10.16.3/bin:/Users/kaishuu0123/.rbenv/shims:/Users/kaishuu0123/.rbenv/bin:/usr/local/bin:/usr/bin:/bin:/usr/sbin:/sbin:/Library/TeX/texbin:/usr/local/share/dotnet:/opt/X11/bin:/Library/Frameworks/Mono.framework/Versions/Current/Commands:/Applications/Wireshark.app/Contents/MacOS

Yarn version: 
  1.19.1

Node version: 
  10.16.3

Platform: 
  darwin x64

Trace: 
  SyntaxError: /Users/kaishuu0123/work/markdown-it-drawio/package.json: Unexpected token } in JSON at position 1440
      at JSON.parse (<anonymous>)
      at /Users/kaishuu0123/.nvm/versions/node/v10.16.3/lib/node_modules/yarn/lib/cli.js:1625:59
      at Generator.next (<anonymous>)
      at step (/Users/kaishuu0123/.nvm/versions/node/v10.16.3/lib/node_modules/yarn/lib/cli.js:304:30)
      at /Users/kaishuu0123/.nvm/versions/node/v10.16.3/lib/node_modules/yarn/lib/cli.js:315:13

npm manifest: 
  {
    "name": "markdown-it-drawio-viewer",
    "version": "1.0.0",
    "homepage": "https://github.com/kaishuu0123/markdown-it-drawio-viewer.git",
    "description": "drawio plugin for markdown-it.",
    "license": "MIT",
    "author": {
      "name": "Koki Oyatsu",
      "url": "https://www.saino.me/"
    },
    "keywords": [
      "markdown-it",
      "markdown-it-plugin"
    ],
    "files": [
      "README.md",
      "LICENSE"
    ],
    "repository": {
      "type": "git",
      "url": "https://github.com/kaishuu0123/markdown-it-drawio-viewer.git"
    },
    "main": "dist/markdown-it-drawio-viewer.js",
    "scripts": {
      "build": "webpack --config webpack.config.babel.js --progress --color",
      "test": "mocha-webpack --webpack-config webpack.babel.js --require intelli-espower-loader --require babel-register --require test/setup.js test/**/*.js",
      "test:debug": "mocha --inspect-brk --require intelli-espower-loader --require babel-register --recursive test"
    },
    "devDependencies": {
      "babel-core": "^6.26.3",
      "babel-loader": "^7.1.4",
      "babel-polyfill": "^6.26.0",
      "babel-preset-env": "^1.7.0",
      "babel-preset-es2015": "^6.24.1",
      "babel-preset-stage-0": "^6.24.1",
      "babel-register": "^6.26.0",
      "espower-loader": "^1.2.2",
      "intelli-espower-loader": "^1.0.1",
      "markdown-it": "^8.4.1",
      "mocha": "^5.2.0",
      "mocha-webpack": "^1.1.0",
      "power-assert": "^1.5.0",
      "webpack": "^4.10.2",
      "webpack-cli": "^3.0.1",
    },
    "dependencies": {
      "markdown-it-fence": "0.1.3",
    }
  }

yarn manifest: 
  No manifest

Lockfile: 
  No lockfile
